\BOOKMARK [0][-]{chapter*.3}{List\040of\040Figures}{}% 1
\BOOKMARK [0][-]{chapter*.4}{List\040of\040Tables}{}% 2
\BOOKMARK [0][-]{chapter*.5}{Abbreviations}{}% 3
\BOOKMARK [0][-]{chapter.1}{Introduction}{}% 4
\BOOKMARK [1][-]{section.1.1}{Weathering\040of\040rocks}{chapter.1}% 5
\BOOKMARK [1][-]{section.1.2}{Structure\040of\040the\040thesis}{chapter.1}% 6
\BOOKMARK [0][-]{chapter.2}{Background\040and\040Literature\040Review}{}% 7
\BOOKMARK [1][-]{section.2.1}{Forsterite}{chapter.2}% 8
\BOOKMARK [1][-]{section.2.2}{Enhanced\040Weathering}{chapter.2}% 9
\BOOKMARK [1][-]{section.2.3}{Calculating\040the\040reaction\040rate}{chapter.2}% 10
\BOOKMARK [1][-]{section.2.4}{Reaction\040control\040in\040mineral\040dissolution}{chapter.2}% 11
\BOOKMARK [2][-]{subsection.2.4.1}{Transport\040and\040Surface\040processes}{section.2.4}% 12
\BOOKMARK [1][-]{section.2.5}{Characteristics\040of\040Forsterite\040dissolution}{chapter.2}% 13
\BOOKMARK [2][-]{subsection.2.5.1}{Nonstochiometry}{section.2.5}% 14
\BOOKMARK [2][-]{subsection.2.5.2}{Non\040steady\040state}{section.2.5}% 15
\BOOKMARK [2][-]{subsection.2.5.3}{Factors\040affecting\040rate\040of\040dissolution\040}{section.2.5}% 16
\BOOKMARK [2][-]{subsection.2.5.4}{Rate\040control\040in\040forsterite\040dissolution}{section.2.5}% 17
\BOOKMARK [1][-]{section.2.6}{Motivation}{chapter.2}% 18
\BOOKMARK [0][-]{chapter.3}{Materials\040and\040Methods}{}% 19
\BOOKMARK [1][-]{section.3.1}{Olivine\040characterisation}{chapter.3}% 20
\BOOKMARK [1][-]{section.3.2}{Experimental\040setup}{chapter.3}% 21
\BOOKMARK [1][-]{section.3.3}{Solution\040analysis}{chapter.3}% 22
\BOOKMARK [0][-]{chapter.4}{Results\040and\040Discussion}{}% 23
\BOOKMARK [1][-]{section.4.1}{Major\040ion\040analysis}{chapter.4}% 24
\BOOKMARK [1][-]{section.4.2}{Thickness\040of\040`surface\040layer'}{chapter.4}% 25
\BOOKMARK [1][-]{section.4.3}{Pore\040volume\040and\040Residence\040time}{chapter.4}% 26
\BOOKMARK [1][-]{section.4.4}{Rate\040of\040Reaction}{chapter.4}% 27
\BOOKMARK [2][-]{subsection.4.4.1}{Rate\040comparison\040with\040literature}{section.4.4}% 28
\BOOKMARK [2][-]{subsection.4.4.2}{Transport\040control\040in\040column\040reactors}{section.4.4}% 29
\BOOKMARK [0][-]{chapter.5}{Conclusions,\040Implications,\040and\040Future\040Work}{}% 30
\BOOKMARK [0][-]{chapter.6}{Appendix}{}% 31
\BOOKMARK [1][-]{section.6.1}{Climate\040Engineering\040and\040CDR\040options}{chapter.6}% 32
\BOOKMARK [1][-]{section.6.2}{Enhanced\040Weathering\040and\040Mineral\040Carbonation}{chapter.6}% 33
\BOOKMARK [1][-]{section.6.3}{Molecular\040formula\040of\040olivine}{chapter.6}% 34
\BOOKMARK [1][-]{section.6.4}{BET\040analyses}{chapter.6}% 35
\BOOKMARK [1][-]{section.6.5}{Calculation\040of\040thickness\040of\040the\040`surface\040layer'}{chapter.6}% 36
\BOOKMARK [1][-]{section.6.6}{Minor\040ion\040analysis}{chapter.6}% 37
\BOOKMARK [0][-]{chapter*.42}{Bibliography}{}% 38
\BOOKMARK [0][-]{chapter*.43}{Acknowledgments}{}% 39
